============================= test session starts ==============================
platform darwin -- Python 3.13.11, pytest-9.0.2, pluggy-1.6.0 -- /Users/karol/dev/tools/HoldSpeak/.venv/bin/python3
cachedir: .pytest_cache
rootdir: /Users/karol/dev/tools/HoldSpeak
configfile: pyproject.toml
plugins: anyio-4.12.1, mock-3.15.1, timeout-2.4.0, asyncio-1.3.0, cov-7.0.0
asyncio: mode=Mode.AUTO, debug=False, asyncio_default_fixture_loop_scope=function, asyncio_default_test_loop_scope=function
collecting ... collected 20 items

tests/unit/test_dictation_runtime.py::test_auto_prefers_mlx_on_arm64_when_importable PASSED [  5%]
tests/unit/test_dictation_runtime.py::test_auto_falls_back_to_llama_cpp_when_mlx_missing PASSED [ 10%]
tests/unit/test_dictation_runtime.py::test_auto_picks_llama_cpp_off_arm64 PASSED [ 15%]
tests/unit/test_dictation_runtime.py::test_auto_raises_when_no_backend_available PASSED [ 20%]
tests/unit/test_dictation_runtime.py::test_explicit_mlx_off_arm64_raises_with_remediation PASSED [ 25%]
tests/unit/test_dictation_runtime.py::test_explicit_mlx_without_mlx_lm_raises PASSED [ 30%]
tests/unit/test_dictation_runtime.py::test_explicit_llama_cpp_without_lib_raises PASSED [ 35%]
tests/unit/test_dictation_runtime.py::test_explicit_backends_never_fall_back PASSED [ 40%]
tests/unit/test_dictation_runtime.py::test_unknown_backend_rejected PASSED [ 45%]
tests/unit/test_dictation_runtime.py::test_build_runtime_returns_llmruntime_protocol_conformant_object PASSED [ 50%]
tests/unit/test_dictation_runtime.py::test_build_runtime_passes_mlx_kwargs PASSED [ 55%]
tests/unit/test_dictation_runtime.py::test_build_runtime_passes_llama_kwargs PASSED [ 60%]
tests/unit/test_dictation_runtime.py::test_llama_cpp_runtime_classify_returns_parsed_json PASSED [ 65%]
tests/unit/test_dictation_runtime.py::test_llama_cpp_runtime_missing_model_raises PASSED [ 70%]
tests/unit/test_dictation_runtime.py::test_llama_cpp_runtime_info_reports_backend PASSED [ 75%]
tests/unit/test_dictation_runtime.py::test_mlx_runtime_classify_returns_parsed_json PASSED [ 80%]
tests/unit/test_dictation_runtime.py::test_mlx_runtime_missing_path_raises PASSED [ 85%]
tests/unit/test_dictation_runtime.py::test_mlx_runtime_info_reports_backend PASSED [ 90%]
tests/unit/test_dictation_runtime.py::test_both_backends_produce_outputs_in_schema_value_set PASSED [ 95%]
tests/unit/test_dictation_runtime.py::test_default_dictation_pipeline_disabled PASSED [100%]

============================== 20 passed in 0.04s ==============================
