# Captured: 2026-04-26T06:38:17Z
# Git: c603638d83e653ced93e544f567123678b941579
# Command: uv run pytest tests/integration/test_artifact_synthesis_pipeline.py tests/unit/test_artifact_synthesis.py tests/unit/test_artifact_synthesis_persist.py -v

============================= test session starts ==============================
platform darwin -- Python 3.13.11, pytest-9.0.2, pluggy-1.6.0 -- /Users/karol/dev/tools/HoldSpeak/.venv/bin/python3
cachedir: .pytest_cache
rootdir: /Users/karol/dev/tools/HoldSpeak
configfile: pyproject.toml
plugins: anyio-4.12.1, mock-3.15.1, timeout-2.4.0, asyncio-1.3.0, cov-7.0.0
asyncio: mode=Mode.AUTO, debug=False, asyncio_default_fixture_loop_scope=function, asyncio_default_test_loop_scope=function
collecting ... collected 11 items

tests/integration/test_artifact_synthesis_pipeline.py::test_process_meeting_state_synthesizes_when_flag_set PASSED [  9%]
tests/integration/test_artifact_synthesis_pipeline.py::test_process_meeting_state_synthesize_off_by_default PASSED [ 18%]
tests/integration/test_artifact_synthesis_pipeline.py::test_synthesis_dedupes_identical_outputs_across_overlapping_windows PASSED [ 27%]
tests/unit/test_artifact_synthesis.py::test_synthesis_dedupes_identical_outputs_and_keeps_lineage PASSED [ 36%]
tests/unit/test_artifact_synthesis.py::test_synthesis_skips_failed_runs PASSED [ 45%]
tests/unit/test_artifact_synthesis.py::test_synthesis_marks_low_confidence_as_needs_review PASSED [ 54%]
tests/unit/test_artifact_synthesis_persist.py::test_to_artifact_lineage_separates_window_and_plugin_run_sources PASSED [ 63%]
tests/unit/test_artifact_synthesis_persist.py::test_to_artifact_lineage_empty_sources_yields_empty_lists PASSED [ 72%]
tests/unit/test_artifact_synthesis_persist.py::test_synthesize_and_persist_writes_artifacts_with_lineage PASSED [ 81%]
tests/unit/test_artifact_synthesis_persist.py::test_synthesize_and_persist_empty_meeting_returns_empty_pair PASSED [ 90%]
tests/unit/test_artifact_synthesis_persist.py::test_synthesize_and_persist_accepts_explicit_plugin_runs_iterable PASSED [100%]

============================== 11 passed in 0.39s ==============================
