# Captured: 2026-04-26T06:38:16Z
# Git: c603638d83e653ced93e544f567123678b941579
# Command: uv run pytest tests/integration/test_multi_intent_routing.py tests/integration/test_multi_intent_stop_path.py tests/integration/test_meeting_session_intent_config.py -v

============================= test session starts ==============================
platform darwin -- Python 3.13.11, pytest-9.0.2, pluggy-1.6.0 -- /Users/karol/dev/tools/HoldSpeak/.venv/bin/python3
cachedir: .pytest_cache
rootdir: /Users/karol/dev/tools/HoldSpeak
configfile: pyproject.toml
plugins: anyio-4.12.1, mock-3.15.1, timeout-2.4.0, asyncio-1.3.0, cov-7.0.0
asyncio: mode=Mode.AUTO, debug=False, asyncio_default_fixture_loop_scope=function, asyncio_default_test_loop_scope=function
collecting ... collected 9 items

tests/integration/test_multi_intent_routing.py::test_pipeline_end_to_end_persists_typed_outputs PASSED [ 11%]
tests/integration/test_multi_intent_routing.py::test_pipeline_rerun_dedupes_via_host_idempotency_cache PASSED [ 22%]
tests/integration/test_multi_intent_routing.py::test_pipeline_emits_transitions_across_intent_arc PASSED [ 33%]
tests/integration/test_multi_intent_stop_path.py::test_meeting_session_stop_runs_mir_pipeline_when_enabled PASSED [ 44%]
tests/integration/test_multi_intent_stop_path.py::test_meeting_session_stop_is_byte_identical_when_mir_disabled PASSED [ 55%]
tests/integration/test_multi_intent_stop_path.py::test_meeting_session_stop_survives_mir_pipeline_exception PASSED [ 66%]
tests/integration/test_meeting_session_intent_config.py::test_disabled_router_config_keeps_pipeline_off PASSED [ 77%]
tests/integration/test_meeting_session_intent_config.py::test_enabled_router_config_drives_pipeline_with_tuned_threshold PASSED [ 88%]
tests/integration/test_meeting_session_intent_config.py::test_window_step_seconds_change_window_count PASSED [100%]

============================== 9 passed in 0.54s ===============================
