# Captured: 2026-04-26T06:38:48Z
# Git: c603638d83e653ced93e544f567123678b941579
# Command: uv run pytest tests/integration/test_web_intent_timeline_api.py tests/integration/test_web_intent_controls.py -v

============================= test session starts ==============================
platform darwin -- Python 3.13.11, pytest-9.0.2, pluggy-1.6.0 -- /Users/karol/dev/tools/HoldSpeak/.venv/bin/python3
cachedir: .pytest_cache
rootdir: /Users/karol/dev/tools/HoldSpeak
configfile: pyproject.toml
plugins: anyio-4.12.1, mock-3.15.1, timeout-2.4.0, asyncio-1.3.0, cov-7.0.0
asyncio: mode=Mode.AUTO, debug=False, asyncio_default_fixture_loop_scope=function, asyncio_default_test_loop_scope=function
collecting ... collected 14 items

tests/integration/test_web_intent_timeline_api.py::test_intent_timeline_endpoint_returns_windows_and_transitions PASSED [  7%]
tests/integration/test_web_intent_timeline_api.py::test_intent_timeline_endpoint_404_for_unknown_meeting PASSED [ 14%]
tests/integration/test_web_intent_timeline_api.py::test_plugin_runs_endpoint_returns_persisted_runs PASSED [ 21%]
tests/integration/test_web_intent_timeline_api.py::test_plugin_runs_endpoint_filters_by_window_id PASSED [ 28%]
tests/integration/test_web_intent_timeline_api.py::test_artifacts_endpoint_returns_artifacts_with_lineage PASSED [ 35%]
tests/integration/test_web_intent_timeline_api.py::test_artifacts_endpoint_404_for_unknown_meeting PASSED [ 42%]
tests/integration/test_web_intent_controls.py::test_intent_controls_get_returns_safe_default_when_callback_unset PASSED [ 50%]
tests/integration/test_web_intent_controls.py::test_intent_profile_put_returns_501_when_callback_unset PASSED [ 57%]
tests/integration/test_web_intent_controls.py::test_intent_override_put_returns_501_when_callback_unset PASSED [ 64%]
tests/integration/test_web_intent_controls.py::test_intent_preview_post_returns_501_when_callback_unset PASSED [ 71%]
tests/integration/test_web_intent_controls.py::test_intent_controls_get_invokes_callback_and_returns_payload PASSED [ 78%]
tests/integration/test_web_intent_controls.py::test_intent_profile_put_invokes_callback_with_profile_string PASSED [ 85%]
tests/integration/test_web_intent_controls.py::test_intent_override_put_invokes_callback_with_intent_list PASSED [ 92%]
tests/integration/test_web_intent_controls.py::test_intent_preview_post_invokes_route_preview_callback PASSED [100%]

============================== 14 passed in 0.66s ==============================
