# Captured: 2026-04-26T06:38:49Z
# Git: c603638d83e653ced93e544f567123678b941579
# Command: uv run pytest tests/unit/test_intel_command.py -v

============================= test session starts ==============================
platform darwin -- Python 3.13.11, pytest-9.0.2, pluggy-1.6.0 -- /Users/karol/dev/tools/HoldSpeak/.venv/bin/python3
cachedir: .pytest_cache
rootdir: /Users/karol/dev/tools/HoldSpeak
configfile: pyproject.toml
plugins: anyio-4.12.1, mock-3.15.1, timeout-2.4.0, asyncio-1.3.0, cov-7.0.0
asyncio: mode=Mode.AUTO, debug=False, asyncio_default_fixture_loop_scope=function, asyncio_default_test_loop_scope=function
collecting ... collected 7 items

tests/unit/test_intel_command.py::test_run_intel_command_lists_jobs PASSED [ 14%]
tests/unit/test_intel_command.py::test_run_intel_command_process_reports_runtime_failure PASSED [ 28%]
tests/unit/test_intel_command.py::test_run_intel_command_retry_failed_requeues_jobs PASSED [ 42%]
tests/unit/test_intel_command.py::test_run_intel_command_process_retry_now_overrides_backoff PASSED [ 57%]
tests/unit/test_intel_command.py::test_run_intel_command_route_dry_run_emits_route_json PASSED [ 71%]
tests/unit/test_intel_command.py::test_run_intel_command_reroute_requires_profile PASSED [ 85%]
tests/unit/test_intel_command.py::test_run_intel_command_reroute_persists_intent_window PASSED [100%]

============================== 7 passed in 0.23s ===============================

## holdspeak intel route --help
usage: holdspeak intel [-h] [--process | --retry MEETING_ID | --retry-failed |
                       --route-dry-run MEETING_ID | --reroute MEETING_ID]
                       [--status {all,queued,running,failed}] [--limit LIMIT]
                       [--max-jobs MAX_JOBS]
                       [--retry-mode {respect-backoff,retry-now}]
                       [--profile PROFILE]
                       [--override-intents OVERRIDE_INTENTS]
                       [--threshold THRESHOLD]

options:
  -h, --help            show this help message and exit
  --process             Process queued deferred-intel jobs now
  --retry MEETING_ID    Requeue deferred intelligence for a specific meeting
  --retry-failed        Requeue failed deferred-intel jobs
  --route-dry-run MEETING_ID
                        Simulate MIR routing for a saved meeting transcript
                        (no DB writes)
  --reroute MEETING_ID  Apply manual MIR profile override reroute for a saved
                        meeting
  --status {all,queued,running,failed}
                        Filter listed jobs by status (default: all)
  --limit, -n LIMIT     Number of jobs to list or retry (default: 20)
  --max-jobs MAX_JOBS   Maximum number of jobs to process with --process
  --retry-mode {respect-backoff,retry-now}
                        When processing queue: respect scheduled retry delays
                        or force retry-now
  --profile PROFILE     Routing profile override for --route-dry-run/--reroute
                        (balanced, architect, delivery, product, incident)
  --override-intents OVERRIDE_INTENTS
                        Comma-separated manual intent override set for
                        --route-dry-run/--reroute
  --threshold THRESHOLD
                        Intent threshold override for --route-dry-
                        run/--reroute
