# Captured: 2026-04-26T17:11:44Z
# Git: 3f3604633137395e3f46d9f761dff4a11b72d435
# Command: uv run pytest tests/unit/test_project_detector_cwd.py -v --timeout=30

============================= test session starts ==============================
platform darwin -- Python 3.13.11, pytest-9.0.2, pluggy-1.6.0 -- /Users/karol/dev/tools/HoldSpeak/.venv/bin/python3
cachedir: .pytest_cache
rootdir: /Users/karol/dev/tools/HoldSpeak
configfile: pyproject.toml
plugins: anyio-4.12.1, mock-3.15.1, timeout-2.4.0, asyncio-1.3.0, cov-7.0.0
timeout: 30.0s
timeout method: signal
timeout func_only: False
asyncio: mode=Mode.AUTO, debug=False, asyncio_default_fixture_loop_scope=function, asyncio_default_test_loop_scope=function
collecting ... collected 8 items

tests/unit/test_project_detector_cwd.py::test_holdspeak_anchor_beats_git_at_same_level PASSED [ 12%]
tests/unit/test_project_detector_cwd.py::test_git_anchor_beats_pyproject_at_same_level PASSED [ 25%]
tests/unit/test_project_detector_cwd.py::test_walks_up_from_nested_dir PASSED [ 37%]
tests/unit/test_project_detector_cwd.py::test_returns_none_outside_any_project PASSED [ 50%]
tests/unit/test_project_detector_cwd.py::test_name_derivation_pyproject_then_cargo_then_package_then_dirname PASSED [ 62%]
tests/unit/test_project_detector_cwd.py::test_kb_absent_when_no_project_yaml PASSED [ 75%]
tests/unit/test_project_detector_cwd.py::test_kb_loaded_when_project_yaml_present PASSED [ 87%]
tests/unit/test_project_detector_cwd.py::test_does_not_escape_home PASSED [100%]

============================== 8 passed in 0.04s ===============================
