# Captured: 2026-04-26T17:11:44Z
# Git: 3f3604633137395e3f46d9f761dff4a11b72d435
# Command: uv run pytest tests/unit/test_runtime_counters.py -v --timeout=30

============================= test session starts ==============================
platform darwin -- Python 3.13.11, pytest-9.0.2, pluggy-1.6.0 -- /Users/karol/dev/tools/HoldSpeak/.venv/bin/python3
cachedir: .pytest_cache
rootdir: /Users/karol/dev/tools/HoldSpeak
configfile: pyproject.toml
plugins: anyio-4.12.1, mock-3.15.1, timeout-2.4.0, asyncio-1.3.0, cov-7.0.0
timeout: 30.0s
timeout method: signal
timeout func_only: False
asyncio: mode=Mode.AUTO, debug=False, asyncio_default_fixture_loop_scope=function, asyncio_default_test_loop_scope=function
collecting ... collected 15 items

tests/unit/test_runtime_counters.py::test_initial_snapshot_is_all_zero PASSED [  6%]
tests/unit/test_runtime_counters.py::test_first_load_advances_model_loads_subsequent_loads_do_not PASSED [ 13%]
tests/unit/test_runtime_counters.py::test_classify_advances_calls_counter PASSED [ 20%]
tests/unit/test_runtime_counters.py::test_classify_failure_advances_failures_and_re_raises PASSED [ 26%]
tests/unit/test_runtime_counters.py::test_note_constrained_retry_advances_counter PASSED [ 33%]
tests/unit/test_runtime_counters.py::test_reset_clears_state PASSED      [ 40%]
tests/unit/test_runtime_counters.py::test_wrapper_delegates_backend_attribute PASSED [ 46%]
tests/unit/test_runtime_counters.py::test_wrapper_delegates_info PASSED  [ 53%]
tests/unit/test_runtime_counters.py::test_cold_start_under_cap_does_not_disable PASSED [ 60%]
tests/unit/test_runtime_counters.py::test_cold_start_breach_disables_session_and_raises PASSED [ 66%]
tests/unit/test_runtime_counters.py::test_subsequent_classify_short_circuits_without_calling_inner PASSED [ 73%]
tests/unit/test_runtime_counters.py::test_warm_on_start_skips_cold_start_cap PASSED [ 80%]
tests/unit/test_runtime_counters.py::test_no_cap_means_no_disable_even_on_slow_first_call PASSED [ 86%]
tests/unit/test_runtime_counters.py::test_cold_start_failure_marks_done_but_not_disabled PASSED [ 93%]
tests/unit/test_runtime_counters.py::test_build_runtime_wraps_with_counting_and_classify_advances PASSED [100%]

============================== 15 passed in 0.25s ==============================
