# Captured: 2026-04-26T17:11:44Z
# Git: 3f3604633137395e3f46d9f761dff4a11b72d435
# Command: uv run pytest tests/unit/test_doctor_command.py -v --timeout=30

============================= test session starts ==============================
platform darwin -- Python 3.13.11, pytest-9.0.2, pluggy-1.6.0 -- /Users/karol/dev/tools/HoldSpeak/.venv/bin/python3
cachedir: .pytest_cache
rootdir: /Users/karol/dev/tools/HoldSpeak
configfile: pyproject.toml
plugins: anyio-4.12.1, mock-3.15.1, timeout-2.4.0, asyncio-1.3.0, cov-7.0.0
timeout: 30.0s
timeout method: signal
timeout func_only: False
asyncio: mode=Mode.AUTO, debug=False, asyncio_default_fixture_loop_scope=function, asyncio_default_test_loop_scope=function
collecting ... collected 26 items

tests/unit/test_doctor_command.py::test_check_hotkey_wayland_failure_is_warn PASSED [  3%]
tests/unit/test_doctor_command.py::test_check_hotkey_non_wayland_failure_is_fail PASSED [  7%]
tests/unit/test_doctor_command.py::test_transcription_backend_failure_surfaces_fix PASSED [ 11%]
tests/unit/test_doctor_command.py::test_run_doctor_command_strict_treats_warnings_as_failure PASSED [ 15%]
tests/unit/test_doctor_command.py::test_cloud_preflight_warns_when_api_key_missing PASSED [ 19%]
tests/unit/test_doctor_command.py::test_cloud_preflight_warns_on_dns_failure PASSED [ 23%]
tests/unit/test_doctor_command.py::test_cloud_preflight_warns_when_model_missing PASSED [ 26%]
tests/unit/test_doctor_command.py::test_cloud_preflight_passes_when_model_available PASSED [ 30%]
tests/unit/test_doctor_command.py::test_dictation_runtime_check_pass_when_pipeline_disabled PASSED [ 34%]
tests/unit/test_doctor_command.py::test_dictation_runtime_check_warn_when_backend_unresolvable PASSED [ 38%]
tests/unit/test_doctor_command.py::test_dictation_runtime_check_warn_when_model_missing PASSED [ 42%]
tests/unit/test_doctor_command.py::test_dictation_runtime_check_pass_when_model_available PASSED [ 46%]
tests/unit/test_doctor_command.py::test_project_context_check_pass_when_pipeline_disabled PASSED [ 50%]
tests/unit/test_doctor_command.py::test_project_context_check_pass_when_project_detected PASSED [ 53%]
tests/unit/test_doctor_command.py::test_project_context_check_warn_when_no_project_detected PASSED [ 57%]
tests/unit/test_doctor_command.py::test_runtime_counters_check_pass_when_pipeline_disabled PASSED [ 61%]
tests/unit/test_doctor_command.py::test_runtime_counters_check_reports_snapshot_when_enabled PASSED [ 65%]
tests/unit/test_doctor_command.py::test_dictation_compile_check_pass_when_pipeline_disabled PASSED [ 69%]
tests/unit/test_doctor_command.py::test_dictation_compile_check_pass_when_no_blocks_file PASSED [ 73%]
tests/unit/test_doctor_command.py::test_dictation_compile_check_pass_for_valid_blocks PASSED [ 76%]
tests/unit/test_doctor_command.py::test_dictation_compile_check_warn_when_compiler_raises PASSED [ 80%]
tests/unit/test_doctor_command.py::test_mir_routing_check_pass_when_router_disabled PASSED [ 84%]
tests/unit/test_doctor_command.py::test_mir_routing_check_pass_when_enabled_with_valid_profile PASSED [ 88%]
tests/unit/test_doctor_command.py::test_mir_routing_check_warn_for_unknown_profile PASSED [ 92%]
tests/unit/test_doctor_command.py::test_mir_routing_check_never_returns_fail PASSED [ 96%]
tests/unit/test_doctor_command.py::test_mir_telemetry_check_smoke_passes PASSED [100%]

============================== 26 passed in 0.23s ==============================
